<?xml version="1.0" encoding="UTF-8"?>
<!-- Generated by org.testng.reporters.JUnitReportReporter -->
<testsuite hostname="Ning-Laptop" failures="0" tests="1" name="testCases.DataTableTest" time="4.472" errors="0" timestamp="2023-05-17T08:01:32 EDT" skipped="0">
  <testcase classname="testCases.DataTableTest" name="findMatchingValue" time="4.472"/>
  <system-out/>
</testsuite> <!-- testCases.DataTableTest -->
