<?xml version="1.0" encoding="UTF-8"?>
<!-- Generated by org.testng.reporters.JUnitReportReporter -->
<testsuite hostname="Ning-Laptop" failures="0" tests="5" name="testCases.DynamicContentTest" time="9.135" errors="0" timestamp="2023-05-14T16:40:42 EDT" skipped="0">
  <testcase classname="testCases.DynamicContentTest" name="dynamicContent" time="1.737"/>
  <system-out/>
  <testcase classname="testCases.DynamicContentTest" name="dynamicContent" time="1.696"/>
  <system-out/>
  <testcase classname="testCases.DynamicContentTest" name="dynamicContent" time="1.914"/>
  <system-out/>
  <testcase classname="testCases.DynamicContentTest" name="dynamicContent" time="1.898"/>
  <system-out/>
  <testcase classname="testCases.DynamicContentTest" name="dynamicContent" time="1.890"/>
  <system-out/>
</testsuite> <!-- testCases.DynamicContentTest -->
