<?xml version="1.0" encoding="UTF-8"?>
<!-- Generated by org.testng.reporters.JUnitReportReporter -->
<testsuite hostname="Ning-Laptop" failures="0" tests="1" name="testCases.DynamicLoadingTest" time="7.104" errors="0" timestamp="2023-05-14T16:40:42 EDT" skipped="0">
  <testcase classname="testCases.DynamicLoadingTest" name="dynamicLoading" time="7.104"/>
  <system-out/>
</testsuite> <!-- testCases.DynamicLoadingTest -->
