<?xml version="1.0" encoding="UTF-8"?>
<!-- Generated by org.testng.reporters.JUnitReportReporter -->
<testsuite hostname="Ning-Laptop" failures="0" tests="1" name="testCases.DisappearingElementTest" time="4.768" errors="0" timestamp="2023-05-14T22:01:20 EDT" skipped="0">
  <testcase classname="testCases.DisappearingElementTest" name="disappearingElem" time="4.768"/>
  <system-out/>
</testsuite> <!-- testCases.DisappearingElementTest -->
