<?xml version="1.0" encoding="UTF-8"?>
<!-- Generated by org.testng.reporters.JUnitReportReporter -->
<testsuite hostname="Ning-Laptop" failures="0" tests="1" name="testCases.IframeTest" time="5.451" errors="0" timestamp="2023-05-14T16:40:42 EDT" skipped="0">
  <testcase classname="testCases.IframeTest" name="iFrame" time="5.451"/>
  <system-out/>
</testsuite> <!-- testCases.IframeTest -->
