<?xml version="1.0" encoding="UTF-8"?>
<!-- Generated by org.testng.reporters.JUnitReportReporter -->
<testsuite hostname="Ning-Laptop" failures="0" tests="3" name="testCases.JavaScriptAlertsTest" time="4.249" errors="0" timestamp="2023-05-14T16:40:42 EDT" skipped="0">
  <testcase classname="testCases.JavaScriptAlertsTest" name="JsAlerts" time="1.333"/>
  <system-out/>
  <testcase classname="testCases.JavaScriptAlertsTest" name="confirmAlerts" time="1.505"/>
  <system-out/>
  <testcase classname="testCases.JavaScriptAlertsTest" name="promptAlerts" time="1.411"/>
  <system-out/>
</testsuite> <!-- testCases.JavaScriptAlertsTest -->
