<?xml version="1.0" encoding="UTF-8"?>
<!-- Generated by org.testng.reporters.JUnitReportReporter -->
<testsuite hostname="Ning-Laptop" failures="0" tests="2" name="testCases.DynamicControlsTest" time="15.444" errors="0" timestamp="2023-05-14T16:40:42 EDT" skipped="0">
  <testcase classname="testCases.DynamicControlsTest" name="removeAddButtons" time="7.753"/>
  <system-out/>
  <testcase classname="testCases.DynamicControlsTest" name="enableThenDisable" time="7.691"/>
  <system-out/>
</testsuite> <!-- testCases.DynamicControlsTest -->
