<?xml version="1.0" encoding="UTF-8"?>
<!-- Generated by org.testng.reporters.JUnitReportReporter -->
<testsuite hostname="Ning-Laptop" failures="0" tests="3" name="testCases.MouseHoverTest" time="4.706" errors="0" timestamp="2023-05-14T16:40:42 EDT" skipped="0">
  <testcase classname="testCases.MouseHoverTest" name="mouseHover1" time="1.504"/>
  <system-out/>
  <testcase classname="testCases.MouseHoverTest" name="mouseHover2" time="1.572"/>
  <system-out/>
  <testcase classname="testCases.MouseHoverTest" name="mouseHover3" time="1.630"/>
  <system-out/>
</testsuite> <!-- testCases.MouseHoverTest -->
