<?xml version="1.0" encoding="UTF-8"?>
<!-- Generated by org.testng.reporters.JUnitReportReporter -->
<testsuite hostname="Ning-Laptop" failures="0" tests="1" name="testCases.DragAndDropTest" time="1.329" errors="0" timestamp="2023-05-14T16:40:42 EDT" skipped="0">
  <testcase classname="testCases.DragAndDropTest" name="dragAndDrop" time="1.329"/>
  <system-out/>
</testsuite> <!-- testCases.DragAndDropTest -->
