<?xml version="1.0" encoding="UTF-8"?>
<!-- Generated by org.testng.reporters.JUnitReportReporter -->
<testsuite hostname="Ning-Laptop" failures="0" tests="2" name="testCases.LoginTest" time="3.775" errors="0" timestamp="2023-05-14T16:40:42 EDT" skipped="0">
  <testcase classname="testCases.LoginTest" name="failedLogin" time="1.889"/>
  <system-out/>
  <testcase classname="testCases.LoginTest" name="sucessLogin" time="1.886"/>
  <system-out/>
</testsuite> <!-- testCases.LoginTest -->
