<?xml version="1.0" encoding="UTF-8"?>
<!-- Generated by org.testng.reporters.JUnitReportReporter -->
<testsuite hostname="Ning-Laptop" failures="0" tests="1" name="testCases.FileUploadTest" time="1.626" errors="0" timestamp="2023-05-14T16:40:42 EDT" skipped="0">
  <testcase classname="testCases.FileUploadTest" name="fileUpload" time="1.626"/>
  <system-out/>
</testsuite> <!-- testCases.FileUploadTest -->
